[debug] [2024-03-19T13:43:42.417Z] ----------------------------------------------------------------------
[debug] [2024-03-19T13:43:42.421Z] Command:       C:\Program Files\nodejs\node.exe C:\Users\LENOVO\AppData\Roaming\npm\node_modules\firebase-tools\lib\bin\firebase.js init
[debug] [2024-03-19T13:43:42.422Z] CLI Version:   13.5.1
[debug] [2024-03-19T13:43:42.422Z] Platform:      win32
[debug] [2024-03-19T13:43:42.423Z] Node Version:  v20.11.1
[debug] [2024-03-19T13:43:42.423Z] Time:          Tue Mar 19 2024 08:43:42 GMT-0500 (hora estándar de Colombia)
[debug] [2024-03-19T13:43:42.423Z] ----------------------------------------------------------------------
[debug] 
[debug] [2024-03-19T13:43:42.433Z] > command requires scopes: ["email","openid","https://www.googleapis.com/auth/cloudplatformprojects.readonly","https://www.googleapis.com/auth/firebase","https://www.googleapis.com/auth/cloud-platform"]
[debug] [2024-03-19T13:43:42.434Z] > authorizing via signed-in user (i2226814@continental.edu.pe)
[info] 
     ######## #### ########  ######## ########     ###     ######  ########
     ##        ##  ##     ## ##       ##     ##  ##   ##  ##       ##
     ######    ##  ########  ######   ########  #########  ######  ######
     ##        ##  ##    ##  ##       ##     ## ##     ##       ## ##
     ##       #### ##     ## ######## ########  ##     ##  ######  ########

You're about to initialize a Firebase project in this directory:

  D:\DATA C\proyectoZapato

[info] 
=== Project Setup
[info] 
[info] First, let's associate this project directory with a Firebase project.
[info] You can create multiple project aliases by running firebase use --add, 
[info] but for now we'll just set up a default project.
[info] 
[debug] [2024-03-19T13:43:55.341Z] > refreshing access token with scopes: []
[debug] [2024-03-19T13:43:55.345Z] >>> [apiv2][query] POST https://www.googleapis.com/oauth2/v3/token [none]
[debug] [2024-03-19T13:43:55.345Z] >>> [apiv2][body] POST https://www.googleapis.com/oauth2/v3/token [omitted]
[debug] [2024-03-19T13:43:55.709Z] <<< [apiv2][status] POST https://www.googleapis.com/oauth2/v3/token 200
[debug] [2024-03-19T13:43:55.709Z] <<< [apiv2][body] POST https://www.googleapis.com/oauth2/v3/token [omitted]
[debug] [2024-03-19T13:43:55.720Z] >>> [apiv2][query] GET https://firebase.googleapis.com/v1beta1/projects pageSize=100
[debug] [2024-03-19T13:43:56.661Z] <<< [apiv2][status] GET https://firebase.googleapis.com/v1beta1/projects 200
[debug] [2024-03-19T13:43:56.662Z] <<< [apiv2][body] GET https://firebase.googleapis.com/v1beta1/projects [omitted]
[info] i  Using project zap-d-lopez (zap-D'Lopez) 
[info] 
=== Hosting Setup
[debug] [2024-03-19T13:44:02.845Z] >>> [apiv2][query] GET https://firebase.googleapis.com/v1beta1/projects/zap-d-lopez [none]
[debug] [2024-03-19T13:44:03.710Z] <<< [apiv2][status] GET https://firebase.googleapis.com/v1beta1/projects/zap-d-lopez 200
[debug] [2024-03-19T13:44:03.710Z] <<< [apiv2][body] GET https://firebase.googleapis.com/v1beta1/projects/zap-d-lopez {"projectId":"zap-d-lopez","projectNumber":"499616932711","displayName":"zap-D'Lopez","name":"projects/zap-d-lopez","resources":{"hostingSite":"zap-d-lopez"},"state":"ACTIVE","etag":"1_f1ccccf1-199a-4083-93d2-34e14ae63d6e"}
[info] 
[info] Your public directory is the folder (relative to your project directory) that
[info] will contain Hosting assets to be uploaded with firebase deploy. If you
[info] have a build process for your assets, use your build's output directory.
[info] 
[debug] [2024-03-19T13:45:16.945Z] Error: ENOTDIR: not a directory, scandir 'D:\DATA C\proyectoZapato\src\index.html'
    at Object.readdirSync (node:fs:1515:26)
    at Object.createFileSync (C:\Users\LENOVO\AppData\Roaming\npm\node_modules\firebase-tools\node_modules\fs-extra\lib\ensure\file.js:55:10)
    at Config.writeProjectFile (C:\Users\LENOVO\AppData\Roaming\npm\node_modules\firebase-tools\lib\config.js:154:12)
    at C:\Users\LENOVO\AppData\Roaming\npm\node_modules\firebase-tools\lib\config.js:178:22
    at process.processTicksAndRejections (node:internal/process/task_queues:95:5)
    at async doSetup (C:\Users\LENOVO\AppData\Roaming\npm\node_modules\firebase-tools\lib\init\features\hosting\index.js:173:13)
    at async init (C:\Users\LENOVO\AppData\Roaming\npm\node_modules\firebase-tools\lib\init\index.js:37:9)
[error] 
[error] Error: An unexpected error has occurred.
